<?xml version="1.0" encoding="UTF-8"?>
<!-- Generated by org.testng.reporters.JUnitXMLReporter -->
<testsuite ignored="0" hostname="LAPTOP-526NB4VC" failures="0" tests="3" name="Default test" time="15.392" errors="0" timestamp="2023-09-02T11:10:55 IST">
  <testcase classname="TestNg_DataProvider.Data_provider" name="demo" time="5.471"/>
  <testcase classname="TestNg_DataProvider.Data_provider" name="demo" time="4.833"/>
  <testcase classname="TestNg_DataProvider.Data_provider" name="demo" time="5.035"/>
</testsuite> <!-- Default test -->
