<?xml version="1.0" encoding="UTF-8"?>
<testng-results ignored="0" total="3" passed="3" failed="0" skipped="0">
  <reporter-output>
  </reporter-output>
  <suite started-at="2023-09-02T11:10:39 IST" name="Default suite" finished-at="2023-09-02T11:10:55 IST" duration-ms="15392">
    <groups>
    </groups>
    <test started-at="2023-09-02T11:10:39 IST" name="Default test" finished-at="2023-09-02T11:10:55 IST" duration-ms="15392">
      <class name="TestNg_DataProvider.Data_provider">
        <test-method signature="demo(java.lang.String,java.lang.String)[pri:0, instance:TestNg_DataProvider.Data_provider@437da279]" started-at="2023-09-02T11:10:39 IST" name="demo" data-provider="getData" finished-at="2023-09-02T11:10:45 IST" duration-ms="5471" status="PASS">
          <params>
            <param index="0">
              <value>
                <![CDATA[dfbv]]>
              </value>
            </param>
            <param index="1">
              <value>
                <![CDATA[begh]]>
              </value>
            </param>
          </params>
          <reporter-output>
          </reporter-output>
        </test-method> <!-- demo -->
        <test-method signature="demo(java.lang.String,java.lang.String)[pri:0, instance:TestNg_DataProvider.Data_provider@437da279]" started-at="2023-09-02T11:10:45 IST" name="demo" data-provider="getData" finished-at="2023-09-02T11:10:50 IST" duration-ms="4833" status="PASS">
          <params>
            <param index="0">
              <value>
                <![CDATA[2666]]>
              </value>
            </param>
            <param index="1">
              <value>
                <![CDATA[dhvb23]]>
              </value>
            </param>
          </params>
          <reporter-output>
          </reporter-output>
        </test-method> <!-- demo -->
        <test-method signature="demo(java.lang.String,java.lang.String)[pri:0, instance:TestNg_DataProvider.Data_provider@437da279]" started-at="2023-09-02T11:10:50 IST" name="demo" data-provider="getData" finished-at="2023-09-02T11:10:55 IST" duration-ms="5035" status="PASS">
          <params>
            <param index="0">
              <value>
                <![CDATA[dbf@^]]>
              </value>
            </param>
            <param index="1">
              <value>
                <![CDATA[jdfhi)(dhhdb*]]>
              </value>
            </param>
          </params>
          <reporter-output>
          </reporter-output>
        </test-method> <!-- demo -->
      </class> <!-- TestNg_DataProvider.Data_provider -->
    </test> <!-- Default test -->
  </suite> <!-- Default suite -->
</testng-results>
